0 info it worked if it ends with ok
1 verbose cli [ 'C:\\Program Files\\nodejs\\node.exe',
1 verbose cli   'C:\\Program Files\\nodejs\\node_modules\\npm\\bin\\npm-cli.js',
1 verbose cli   'run',
1 verbose cli   'gulp' ]
2 info using npm@3.10.10
3 info using node@v6.9.4
4 verbose run-script [ 'pregulp', 'gulp', 'postgulp' ]
5 info lifecycle mean-app@0.0.0~pregulp: mean-app@0.0.0
6 silly lifecycle mean-app@0.0.0~pregulp: no script for pregulp, continuing
7 info lifecycle mean-app@0.0.0~gulp: mean-app@0.0.0
8 verbose lifecycle mean-app@0.0.0~gulp: unsafe-perm in lifecycle true
9 verbose lifecycle mean-app@0.0.0~gulp: PATH: C:\Program Files\nodejs\node_modules\npm\bin\node-gyp-bin;C:\Users\R\Desktop\mean-app\node_modules\.bin;C:\ProgramData\Oracle\Java\javapath;C:\Windows\system32;C:\Windows;C:\Windows\System32\Wbem;C:\Windows\System32\WindowsPowerShell\v1.0\;C:\Python27;C:\Python27\Scripts;C:\Program Files (x86)\Graphviz2.38\bin;C:\Program Files\MongoDB\Server\3.0\bin;C:\Program Files (x86)\Android\android-sdk\tools;C:\Program Files (x86)\Android\android-sdk\platform-tools;C:\Windows\system32\config\systemprofile\.dnx\bin;C:\Program Files\Microsoft DNX\Dnvm\;C:\Program Files\Microsoft SQL Server\130\Tools\Binn\;C:\Program Files (x86)\Apache Software Foundation\CouchDB\bin;C:\Program Files\nodejs\;C:\Program Files\Git\cmd;C:\Users\R\AppData\Roaming\npm;C:\Program Files (x86)\Microsoft VS Code\bin
10 verbose lifecycle mean-app@0.0.0~gulp: CWD: C:\Users\R\Desktop\mean-app
11 silly lifecycle mean-app@0.0.0~gulp: Args: [ '/d /s /c', 'gulp clean && gulp' ]
12 silly lifecycle mean-app@0.0.0~gulp: Returned: code: 3221225786  signal: null
13 info lifecycle mean-app@0.0.0~gulp: Failed to exec gulp script
14 verbose stack Error: mean-app@0.0.0 gulp: `gulp clean && gulp`
14 verbose stack Exit status 3221225786
14 verbose stack     at EventEmitter.<anonymous> (C:\Program Files\nodejs\node_modules\npm\lib\utils\lifecycle.js:255:16)
14 verbose stack     at emitTwo (events.js:106:13)
14 verbose stack     at EventEmitter.emit (events.js:191:7)
14 verbose stack     at ChildProcess.<anonymous> (C:\Program Files\nodejs\node_modules\npm\lib\utils\spawn.js:40:14)
14 verbose stack     at emitTwo (events.js:106:13)
14 verbose stack     at ChildProcess.emit (events.js:191:7)
14 verbose stack     at maybeClose (internal/child_process.js:877:16)
14 verbose stack     at Process.ChildProcess._handle.onexit (internal/child_process.js:226:5)
15 verbose pkgid mean-app@0.0.0
16 verbose cwd C:\Users\R\Desktop\mean-app
17 error Windows_NT 6.3.9600
18 error argv "C:\\Program Files\\nodejs\\node.exe" "C:\\Program Files\\nodejs\\node_modules\\npm\\bin\\npm-cli.js" "run" "gulp"
19 error node v6.9.4
20 error npm  v3.10.10
21 error code ELIFECYCLE
22 error mean-app@0.0.0 gulp: `gulp clean && gulp`
22 error Exit status 3221225786
23 error Failed at the mean-app@0.0.0 gulp script 'gulp clean && gulp'.
23 error Make sure you have the latest version of node.js and npm installed.
23 error If you do, this is most likely a problem with the mean-app package,
23 error not with npm itself.
23 error Tell the author that this fails on your system:
23 error     gulp clean && gulp
23 error You can get information on how to open an issue for this project with:
23 error     npm bugs mean-app
23 error Or if that isn't available, you can get their info via:
23 error     npm owner ls mean-app
23 error There is likely additional logging output above.
24 verbose exit [ 1, true ]
